# JRE version: Java(TM) SE Runtime Environment (17.0.1+12) (build 17.0.1+12-LTS-39)
# Java VM: Java HotSpot(TM) 64-Bit Server VM (17.0.1+12-LTS-39, mixed mode, sharing, tiered, compressed oops, compressed class ptrs, g1 gc, windows-amd64)
GC Precious Log:
 CPUs: 8 total, 8 available
 Memory: 8023M
 Large Page Support: Disabled
 NUMA Support: Disabled
 Compressed Oops: Enabled (32-bit)
 Heap Region Size: 1M
 Heap Min Capacity: 8M
 Heap Initial Capacity: 126M
 Heap Max Capacity: 2006M
 Pre-touch: Disabled
 Parallel Workers: 8
 Concurrent Workers: 2
 Concurrent Refinement Workers: 8
 Periodic GC: Disabled
Heap:
 garbage-first heap   total 82944K, used 59303K [0x0000000082a00000, 0x0000000100000000)
  region size 1024K, 14 young (14336K), 1 survivors (1024K)
 Metaspace       used 101548K, committed 102208K, reserved 1138688K
  class space    used 13459K, committed 13760K, reserved 1048576K
GC Heap History (20 events):
Event: 614.410 GC heap before
{Heap before GC invocations=48 (full 0):
 garbage-first heap   total 82944K, used 69080K [0x0000000082a00000, 0x0000000100000000)
  region size 1024K, 24 young (24576K), 1 survivors (1024K)
 Metaspace       used 98061K, committed 98688K, reserved 1138688K
  class space    used 13282K, committed 13568K, reserved 1048576K
}
Event: 614.411 GC heap after
{Heap after GC invocations=49 (full 0):
 garbage-first heap   total 82944K, used 46679K [0x0000000082a00000, 0x0000000100000000)
  region size 1024K, 1 young (1024K), 1 survivors (1024K)
 Metaspace       used 98061K, committed 98688K, reserved 1138688K
  class space    used 13282K, committed 13568K, reserved 1048576K
}
Event: 625.968 GC heap before
{Heap before GC invocations=49 (full 0):
 garbage-first heap   total 82944K, used 48727K [0x0000000082a00000, 0x0000000100000000)
  region size 1024K, 4 young (4096K), 1 survivors (1024K)
 Metaspace       used 98096K, committed 98688K, reserved 1138688K
  class space    used 13282K, committed 13568K, reserved 1048576K
}
Event: 625.981 GC heap after
{Heap after GC invocations=50 (full 0):
 garbage-first heap   total 82944K, used 46228K [0x0000000082a00000, 0x0000000100000000)
  region size 1024K, 1 young (1024K), 1 survivors (1024K)
 Metaspace       used 98096K, committed 98688K, reserved 1138688K
  class space    used 13282K, committed 13568K, reserved 1048576K
}
Event: 696.288 GC heap before
{Heap before GC invocations=50 (full 0):
 garbage-first heap   total 82944K, used 69780K [0x0000000082a00000, 0x0000000100000000)
  region size 1024K, 25 young (25600K), 1 survivors (1024K)
 Metaspace       used 98187K, committed 98816K, reserved 1138688K
  class space    used 13283K, committed 13568K, reserved 1048576K
}
Event: 696.300 GC heap after
{Heap after GC invocations=51 (full 0):
 garbage-first heap   total 82944K, used 46196K [0x0000000082a00000, 0x0000000100000000)
  region size 1024K, 1 young (1024K), 1 survivors (1024K)
 Metaspace       used 98187K, committed 98816K, reserved 1138688K
  class space    used 13283K, committed 13568K, reserved 1048576K
}
Event: 766.424 GC heap before
{Heap before GC invocations=52 (full 0):
 garbage-first heap   total 82944K, used 69748K [0x0000000082a00000, 0x0000000100000000)
  region size 1024K, 25 young (25600K), 1 survivors (1024K)
 Metaspace       used 98253K, committed 98880K, reserved 1138688K
  class space    used 13284K, committed 13568K, reserved 1048576K
}
Event: 766.427 GC heap after
{Heap after GC invocations=53 (full 0):
 garbage-first heap   total 82944K, used 46229K [0x0000000082a00000, 0x0000000100000000)
  region size 1024K, 1 young (1024K), 1 survivors (1024K)
 Metaspace       used 98253K, committed 98880K, reserved 1138688K
  class space    used 13284K, committed 13568K, reserved 1048576K
}
Event: 839.885 GC heap before
{Heap before GC invocations=53 (full 0):
 garbage-first heap   total 82944K, used 70805K [0x0000000082a00000, 0x0000000100000000)
  region size 1024K, 25 young (25600K), 1 survivors (1024K)
 Metaspace       used 98355K, committed 99008K, reserved 1138688K
  class space    used 13284K, committed 13568K, reserved 1048576K
}
Event: 839.887 GC heap after
{Heap after GC invocations=54 (full 0):
 garbage-first heap   total 82944K, used 46241K [0x0000000082a00000, 0x0000000100000000)
  region size 1024K, 1 young (1024K), 1 survivors (1024K)
 Metaspace       used 98355K, committed 99008K, reserved 1138688K
  class space    used 13284K, committed 13568K, reserved 1048576K
}
Event: 914.374 GC heap before
{Heap before GC invocations=55 (full 0):
 garbage-first heap   total 82944K, used 71841K [0x0000000082a00000, 0x0000000100000000)
  region size 1024K, 26 young (26624K), 1 survivors (1024K)
 Metaspace       used 98420K, committed 99008K, reserved 1138688K
  class space    used 13284K, committed 13568K, reserved 1048576K
}
Event: 914.379 GC heap after
{Heap after GC invocations=56 (full 0):
 garbage-first heap   total 82944K, used 46263K [0x0000000082a00000, 0x0000000100000000)
  region size 1024K, 1 young (1024K), 1 survivors (1024K)
 Metaspace       used 98420K, committed 99008K, reserved 1138688K
  class space    used 13284K, committed 13568K, reserved 1048576K
}
Event: 984.100 GC heap before
{Heap before GC invocations=56 (full 0):
 garbage-first heap   total 82944K, used 70839K [0x0000000082a00000, 0x0000000100000000)
  region size 1024K, 26 young (26624K), 1 survivors (1024K)
 Metaspace       used 98493K, committed 99136K, reserved 1138688K
  class space    used 13284K, committed 13568K, reserved 1048576K
}
Event: 984.103 GC heap after
{Heap after GC invocations=57 (full 0):
 garbage-first heap   total 82944K, used 46519K [0x0000000082a00000, 0x0000000100000000)
  region size 1024K, 1 young (1024K), 1 survivors (1024K)
 Metaspace       used 98493K, committed 99136K, reserved 1138688K
  class space    used 13284K, committed 13568K, reserved 1048576K
}
Event: 1055.652 GC heap before
{Heap before GC invocations=58 (full 0):
 garbage-first heap   total 82944K, used 72119K [0x0000000082a00000, 0x0000000100000000)
  region size 1024K, 26 young (26624K), 1 survivors (1024K)
 Metaspace       used 99086K, committed 99712K, reserved 1138688K
  class space    used 13358K, committed 13632K, reserved 1048576K
}
Event: 1055.657 GC heap after
{Heap after GC invocations=59 (full 0):
 garbage-first heap   total 82944K, used 46747K [0x0000000082a00000, 0x0000000100000000)
  region size 1024K, 1 young (1024K), 1 survivors (1024K)
 Metaspace       used 99086K, committed 99712K, reserved 1138688K
  class space    used 13358K, committed 13632K, reserved 1048576K
}
Event: 1326.265 GC heap before
{Heap before GC invocations=59 (full 0):
 garbage-first heap   total 82944K, used 70299K [0x0000000082a00000, 0x0000000100000000)
  region size 1024K, 25 young (25600K), 1 survivors (1024K)
 Metaspace       used 100922K, committed 101568K, reserved 1138688K
  class space    used 13454K, committed 13760K, reserved 1048576K
}
Event: 1326.279 GC heap after
{Heap after GC invocations=60 (full 0):
 garbage-first heap   total 82944K, used 47135K [0x0000000082a00000, 0x0000000100000000)
  region size 1024K, 2 young (2048K), 2 survivors (2048K)
 Metaspace       used 100922K, committed 101568K, reserved 1138688K
  class space    used 13454K, committed 13760K, reserved 1048576K
}
Event: 1633.104 GC heap before
{Heap before GC invocations=61 (full 0):
 garbage-first heap   total 82944K, used 70687K [0x0000000082a00000, 0x0000000100000000)
  region size 1024K, 25 young (25600K), 2 survivors (2048K)
 Metaspace       used 101424K, committed 102080K, reserved 1138688K
  class space    used 13455K, committed 13760K, reserved 1048576K
}
Event: 1633.107 GC heap after
{Heap after GC invocations=62 (full 0):
 garbage-first heap   total 82944K, used 47015K [0x0000000082a00000, 0x0000000100000000)
  region size 1024K, 1 young (1024K), 1 survivors (1024K)
 Metaspace       used 101424K, committed 102080K, reserved 1138688K
  class space    used 13455K, committed 13760K, reserved 1048576K
}

